[07-Apr-2026 07:41:40 UTC] Automatic updates starting...
[07-Apr-2026 07:41:42 UTC] Automatic updates complete.
[07-Apr-2026 07:47:12 UTC] PHP Fatal error:  Uncaught Error: Call to undefined function mc_field() in C:\xampp\htdocs\wordpress\wp-content\themes\menscreations-theme-V2\front-page.php:24
Stack trace:
#0 C:\xampp\htdocs\wordpress\wp-includes\template-loader.php(132): include()
#1 C:\xampp\htdocs\wordpress\wp-blog-header.php(19): require_once('C:\\xampp\\htdocs...')
#2 C:\xampp\htdocs\wordpress\index.php(17): require('C:\\xampp\\htdocs...')
#3 {main}
  thrown in C:\xampp\htdocs\wordpress\wp-content\themes\menscreations-theme-V2\front-page.php on line 24
[07-Apr-2026 09:41:14 UTC] PHP Warning:  ltrim() expects parameter 1 to be string, array given in C:\xampp\htdocs\wordpress\wp-includes\formatting.php on line 4496
[07-Apr-2026 09:41:27 UTC] PHP Warning:  ltrim() expects parameter 1 to be string, array given in C:\xampp\htdocs\wordpress\wp-includes\formatting.php on line 4496
[07-Apr-2026 11:11:51 UTC] PHP Warning:  Illegal string offset 'url' in C:\xampp\htdocs\wordpress\wp-content\themes\menscreations-theme-V2\front-page.php on line 455
[07-Apr-2026 11:11:51 UTC] PHP Warning:  Illegal string offset 'target' in C:\xampp\htdocs\wordpress\wp-content\themes\menscreations-theme-V2\front-page.php on line 455
[07-Apr-2026 11:11:51 UTC] PHP Warning:  Illegal string offset 'title' in C:\xampp\htdocs\wordpress\wp-content\themes\menscreations-theme-V2\front-page.php on line 456
[07-Apr-2026 11:14:12 UTC] PHP Warning:  Illegal string offset 'url' in C:\xampp\htdocs\wordpress\wp-content\themes\menscreations-theme-V2\front-page.php on line 455
[07-Apr-2026 11:14:12 UTC] PHP Warning:  Illegal string offset 'target' in C:\xampp\htdocs\wordpress\wp-content\themes\menscreations-theme-V2\front-page.php on line 455
[07-Apr-2026 11:14:12 UTC] PHP Warning:  Illegal string offset 'title' in C:\xampp\htdocs\wordpress\wp-content\themes\menscreations-theme-V2\front-page.php on line 456
[07-Apr-2026 11:15:44 UTC] PHP Warning:  Illegal string offset 'url' in C:\xampp\htdocs\wordpress\wp-content\themes\menscreations-theme-V2\front-page.php on line 455
[07-Apr-2026 11:15:44 UTC] PHP Warning:  Illegal string offset 'target' in C:\xampp\htdocs\wordpress\wp-content\themes\menscreations-theme-V2\front-page.php on line 455
[07-Apr-2026 11:15:44 UTC] PHP Warning:  Illegal string offset 'title' in C:\xampp\htdocs\wordpress\wp-content\themes\menscreations-theme-V2\front-page.php on line 456
[07-Apr-2026 11:15:58 UTC] PHP Warning:  Illegal string offset 'url' in C:\xampp\htdocs\wordpress\wp-content\themes\menscreations-theme-V2\front-page.php on line 455
[07-Apr-2026 11:15:58 UTC] PHP Warning:  Illegal string offset 'target' in C:\xampp\htdocs\wordpress\wp-content\themes\menscreations-theme-V2\front-page.php on line 455
[07-Apr-2026 11:15:58 UTC] PHP Warning:  Illegal string offset 'title' in C:\xampp\htdocs\wordpress\wp-content\themes\menscreations-theme-V2\front-page.php on line 456
[07-Apr-2026 11:19:21 UTC] PHP Warning:  Illegal string offset 'url' in C:\xampp\htdocs\wordpress\wp-content\themes\menscreations-theme-V2\front-page.php on line 455
[07-Apr-2026 11:19:21 UTC] PHP Warning:  Illegal string offset 'target' in C:\xampp\htdocs\wordpress\wp-content\themes\menscreations-theme-V2\front-page.php on line 455
[07-Apr-2026 11:19:21 UTC] PHP Warning:  Illegal string offset 'title' in C:\xampp\htdocs\wordpress\wp-content\themes\menscreations-theme-V2\front-page.php on line 456
[07-Apr-2026 11:32:35 UTC] PHP Warning:  ltrim() expects parameter 1 to be string, array given in C:\xampp\htdocs\wordpress\wp-includes\formatting.php on line 4496
[07-Apr-2026 11:33:02 UTC] PHP Warning:  ltrim() expects parameter 1 to be string, array given in C:\xampp\htdocs\wordpress\wp-includes\formatting.php on line 4496
[07-Apr-2026 11:33:02 UTC] PHP Warning:  ltrim() expects parameter 1 to be string, array given in C:\xampp\htdocs\wordpress\wp-includes\formatting.php on line 4496
[07-Apr-2026 11:33:10 UTC] PHP Warning:  ltrim() expects parameter 1 to be string, array given in C:\xampp\htdocs\wordpress\wp-includes\formatting.php on line 4496
[07-Apr-2026 11:33:10 UTC] PHP Warning:  ltrim() expects parameter 1 to be string, array given in C:\xampp\htdocs\wordpress\wp-includes\formatting.php on line 4496
[07-Apr-2026 11:33:39 UTC] PHP Warning:  ltrim() expects parameter 1 to be string, array given in C:\xampp\htdocs\wordpress\wp-includes\formatting.php on line 4496
[07-Apr-2026 11:33:39 UTC] PHP Warning:  ltrim() expects parameter 1 to be string, array given in C:\xampp\htdocs\wordpress\wp-includes\formatting.php on line 4496
[07-Apr-2026 11:34:08 UTC] PHP Warning:  ltrim() expects parameter 1 to be string, array given in C:\xampp\htdocs\wordpress\wp-includes\formatting.php on line 4496
[07-Apr-2026 11:34:08 UTC] PHP Warning:  ltrim() expects parameter 1 to be string, array given in C:\xampp\htdocs\wordpress\wp-includes\formatting.php on line 4496
[07-Apr-2026 14:05:27 UTC] PHP Warning:  ltrim() expects parameter 1 to be string, array given in C:\xampp\htdocs\wordpress\wp-includes\formatting.php on line 4496
[07-Apr-2026 14:05:27 UTC] PHP Warning:  ltrim() expects parameter 1 to be string, array given in C:\xampp\htdocs\wordpress\wp-includes\formatting.php on line 4496
[07-Apr-2026 14:05:27 UTC] PHP Warning:  ltrim() expects parameter 1 to be string, array given in C:\xampp\htdocs\wordpress\wp-includes\formatting.php on line 4496
[07-Apr-2026 14:05:27 UTC] PHP Warning:  ltrim() expects parameter 1 to be string, array given in C:\xampp\htdocs\wordpress\wp-includes\formatting.php on line 4496
[07-Apr-2026 14:05:33 UTC] PHP Warning:  ltrim() expects parameter 1 to be string, array given in C:\xampp\htdocs\wordpress\wp-includes\formatting.php on line 4496
[07-Apr-2026 14:05:33 UTC] PHP Warning:  ltrim() expects parameter 1 to be string, array given in C:\xampp\htdocs\wordpress\wp-includes\formatting.php on line 4496
[07-Apr-2026 14:05:33 UTC] PHP Warning:  ltrim() expects parameter 1 to be string, array given in C:\xampp\htdocs\wordpress\wp-includes\formatting.php on line 4496
[07-Apr-2026 14:05:33 UTC] PHP Warning:  ltrim() expects parameter 1 to be string, array given in C:\xampp\htdocs\wordpress\wp-includes\formatting.php on line 4496
[07-Apr-2026 14:06:49 UTC] PHP Warning:  ltrim() expects parameter 1 to be string, array given in C:\xampp\htdocs\wordpress\wp-includes\formatting.php on line 4496
[07-Apr-2026 14:06:49 UTC] PHP Warning:  ltrim() expects parameter 1 to be string, array given in C:\xampp\htdocs\wordpress\wp-includes\formatting.php on line 4496
[07-Apr-2026 14:06:49 UTC] PHP Notice:  Undefined index: social_insta in C:\xampp\htdocs\wordpress\wp-content\themes\menscreations-theme-V2\front-page.php on line 458
[07-Apr-2026 14:06:49 UTC] PHP Warning:  ltrim() expects parameter 1 to be string, array given in C:\xampp\htdocs\wordpress\wp-includes\formatting.php on line 4496
[07-Apr-2026 14:06:49 UTC] PHP Warning:  ltrim() expects parameter 1 to be string, array given in C:\xampp\htdocs\wordpress\wp-includes\formatting.php on line 4496
[07-Apr-2026 14:07:14 UTC] PHP Warning:  ltrim() expects parameter 1 to be string, array given in C:\xampp\htdocs\wordpress\wp-includes\formatting.php on line 4496
[07-Apr-2026 14:07:14 UTC] PHP Warning:  ltrim() expects parameter 1 to be string, array given in C:\xampp\htdocs\wordpress\wp-includes\formatting.php on line 4496
[07-Apr-2026 14:07:14 UTC] PHP Notice:  Undefined index: social_insta in C:\xampp\htdocs\wordpress\wp-content\themes\menscreations-theme-V2\front-page.php on line 458
[07-Apr-2026 14:07:14 UTC] PHP Warning:  ltrim() expects parameter 1 to be string, array given in C:\xampp\htdocs\wordpress\wp-includes\formatting.php on line 4496
[07-Apr-2026 14:07:15 UTC] PHP Warning:  ltrim() expects parameter 1 to be string, array given in C:\xampp\htdocs\wordpress\wp-includes\formatting.php on line 4496
[07-Apr-2026 14:07:20 UTC] PHP Warning:  ltrim() expects parameter 1 to be string, array given in C:\xampp\htdocs\wordpress\wp-includes\formatting.php on line 4496
[07-Apr-2026 14:07:20 UTC] PHP Warning:  ltrim() expects parameter 1 to be string, array given in C:\xampp\htdocs\wordpress\wp-includes\formatting.php on line 4496
[07-Apr-2026 14:07:20 UTC] PHP Notice:  Undefined index: social_insta in C:\xampp\htdocs\wordpress\wp-content\themes\menscreations-theme-V2\front-page.php on line 458
[07-Apr-2026 14:07:20 UTC] PHP Warning:  ltrim() expects parameter 1 to be string, array given in C:\xampp\htdocs\wordpress\wp-includes\formatting.php on line 4496
[07-Apr-2026 14:07:20 UTC] PHP Warning:  ltrim() expects parameter 1 to be string, array given in C:\xampp\htdocs\wordpress\wp-includes\formatting.php on line 4496
[07-Apr-2026 14:08:15 UTC] PHP Warning:  ltrim() expects parameter 1 to be string, array given in C:\xampp\htdocs\wordpress\wp-includes\formatting.php on line 4496
[07-Apr-2026 14:08:15 UTC] PHP Notice:  Undefined index: social_insta in C:\xampp\htdocs\wordpress\wp-content\themes\menscreations-theme-V2\front-page.php on line 455
[07-Apr-2026 14:08:15 UTC] PHP Warning:  ltrim() expects parameter 1 to be string, array given in C:\xampp\htdocs\wordpress\wp-includes\formatting.php on line 4496
[07-Apr-2026 14:08:15 UTC] PHP Warning:  ltrim() expects parameter 1 to be string, array given in C:\xampp\htdocs\wordpress\wp-includes\formatting.php on line 4496
[07-Apr-2026 14:09:07 UTC] PHP Warning:  ltrim() expects parameter 1 to be string, array given in C:\xampp\htdocs\wordpress\wp-includes\formatting.php on line 4496
[07-Apr-2026 14:09:07 UTC] PHP Notice:  Undefined index: social_insta in C:\xampp\htdocs\wordpress\wp-content\themes\menscreations-theme-V2\front-page.php on line 455
[07-Apr-2026 14:09:07 UTC] PHP Warning:  ltrim() expects parameter 1 to be string, array given in C:\xampp\htdocs\wordpress\wp-includes\formatting.php on line 4496
[07-Apr-2026 14:09:07 UTC] PHP Warning:  ltrim() expects parameter 1 to be string, array given in C:\xampp\htdocs\wordpress\wp-includes\formatting.php on line 4496
[07-Apr-2026 14:09:13 UTC] PHP Warning:  ltrim() expects parameter 1 to be string, array given in C:\xampp\htdocs\wordpress\wp-includes\formatting.php on line 4496
[07-Apr-2026 14:09:13 UTC] PHP Notice:  Undefined index: social_insta in C:\xampp\htdocs\wordpress\wp-content\themes\menscreations-theme-V2\front-page.php on line 455
[07-Apr-2026 14:09:13 UTC] PHP Warning:  ltrim() expects parameter 1 to be string, array given in C:\xampp\htdocs\wordpress\wp-includes\formatting.php on line 4496
[07-Apr-2026 14:09:13 UTC] PHP Warning:  ltrim() expects parameter 1 to be string, array given in C:\xampp\htdocs\wordpress\wp-includes\formatting.php on line 4496
[07-Apr-2026 14:09:26 UTC] PHP Warning:  ltrim() expects parameter 1 to be string, array given in C:\xampp\htdocs\wordpress\wp-includes\formatting.php on line 4496
[07-Apr-2026 14:09:26 UTC] PHP Notice:  Undefined index: social_insta in C:\xampp\htdocs\wordpress\wp-content\themes\menscreations-theme-V2\front-page.php on line 455
[07-Apr-2026 14:09:26 UTC] PHP Warning:  ltrim() expects parameter 1 to be string, array given in C:\xampp\htdocs\wordpress\wp-includes\formatting.php on line 4496
[07-Apr-2026 14:09:26 UTC] PHP Warning:  ltrim() expects parameter 1 to be string, array given in C:\xampp\htdocs\wordpress\wp-includes\formatting.php on line 4496
[07-Apr-2026 14:10:33 UTC] PHP Warning:  ltrim() expects parameter 1 to be string, array given in C:\xampp\htdocs\wordpress\wp-includes\formatting.php on line 4496
[07-Apr-2026 14:10:34 UTC] PHP Notice:  Undefined index: social_insta in C:\xampp\htdocs\wordpress\wp-content\themes\menscreations-theme-V2\front-page.php on line 455
[07-Apr-2026 14:10:34 UTC] PHP Warning:  ltrim() expects parameter 1 to be string, array given in C:\xampp\htdocs\wordpress\wp-includes\formatting.php on line 4496
[07-Apr-2026 14:10:34 UTC] PHP Warning:  ltrim() expects parameter 1 to be string, array given in C:\xampp\htdocs\wordpress\wp-includes\formatting.php on line 4496
[07-Apr-2026 14:14:53 UTC] PHP Warning:  ltrim() expects parameter 1 to be string, array given in C:\xampp\htdocs\wordpress\wp-includes\formatting.php on line 4496
[07-Apr-2026 14:14:53 UTC] PHP Warning:  ltrim() expects parameter 1 to be string, array given in C:\xampp\htdocs\wordpress\wp-includes\formatting.php on line 4496
[07-Apr-2026 14:14:53 UTC] PHP Warning:  ltrim() expects parameter 1 to be string, array given in C:\xampp\htdocs\wordpress\wp-includes\formatting.php on line 4496
[07-Apr-2026 14:15:33 UTC] PHP Warning:  ltrim() expects parameter 1 to be string, array given in C:\xampp\htdocs\wordpress\wp-includes\formatting.php on line 4496
[07-Apr-2026 14:15:33 UTC] PHP Warning:  ltrim() expects parameter 1 to be string, array given in C:\xampp\htdocs\wordpress\wp-includes\formatting.php on line 4496
[07-Apr-2026 14:15:33 UTC] PHP Warning:  ltrim() expects parameter 1 to be string, array given in C:\xampp\htdocs\wordpress\wp-includes\formatting.php on line 4496
[07-Apr-2026 14:17:35 UTC] PHP Warning:  ltrim() expects parameter 1 to be string, array given in C:\xampp\htdocs\wordpress\wp-includes\formatting.php on line 4496
[07-Apr-2026 14:21:37 UTC] PHP Warning:  ltrim() expects parameter 1 to be string, array given in C:\xampp\htdocs\wordpress\wp-includes\formatting.php on line 4496
[07-Apr-2026 19:17:11 UTC] Automatic updates starting...
[07-Apr-2026 19:17:14 UTC] Automatic updates complete.
[07-Apr-2026 22:29:17 UTC] PHP Warning:  ltrim() expects parameter 1 to be string, array given in C:\xampp\htdocs\wordpress\wp-includes\formatting.php on line 4496
[07-Apr-2026 22:29:17 UTC] PHP Notice:  Array to string conversion in C:\xampp\htdocs\wordpress\wp-includes\formatting.php on line 1128
[07-Apr-2026 22:29:58 UTC] PHP Warning:  ltrim() expects parameter 1 to be string, array given in C:\xampp\htdocs\wordpress\wp-includes\formatting.php on line 4496
[07-Apr-2026 22:29:58 UTC] PHP Notice:  Array to string conversion in C:\xampp\htdocs\wordpress\wp-includes\formatting.php on line 1128
[07-Apr-2026 22:32:42 UTC] PHP Warning:  ltrim() expects parameter 1 to be string, array given in C:\xampp\htdocs\wordpress\wp-includes\formatting.php on line 4496
[07-Apr-2026 22:32:42 UTC] PHP Notice:  Array to string conversion in C:\xampp\htdocs\wordpress\wp-includes\formatting.php on line 1128
[07-Apr-2026 22:35:10 UTC] PHP Warning:  ltrim() expects parameter 1 to be string, array given in C:\xampp\htdocs\wordpress\wp-includes\formatting.php on line 4496
[07-Apr-2026 22:35:10 UTC] PHP Notice:  Array to string conversion in C:\xampp\htdocs\wordpress\wp-includes\formatting.php on line 1128
[07-Apr-2026 22:36:58 UTC] PHP Warning:  ltrim() expects parameter 1 to be string, array given in C:\xampp\htdocs\wordpress\wp-includes\formatting.php on line 4496
[07-Apr-2026 22:36:58 UTC] PHP Notice:  Array to string conversion in C:\xampp\htdocs\wordpress\wp-includes\formatting.php on line 1128
[07-Apr-2026 22:38:30 UTC] PHP Warning:  ltrim() expects parameter 1 to be string, array given in C:\xampp\htdocs\wordpress\wp-includes\formatting.php on line 4496
[07-Apr-2026 22:38:30 UTC] PHP Notice:  Array to string conversion in C:\xampp\htdocs\wordpress\wp-includes\formatting.php on line 1128
